<?xml version="1.0" encoding="UTF-8"?>
<testng-results ignored="0" total="1" passed="1" failed="0" skipped="0">
  <reporter-output>
  </reporter-output>
  <suite started-at="2023-07-02T14:25:08 IST" name="Suite" finished-at="2023-07-02T14:26:33 IST" duration-ms="85170">
    <groups>
    </groups>
    <test started-at="2023-07-02T14:25:08 IST" name="Test" finished-at="2023-07-02T14:26:33 IST" duration-ms="85170">
      <class name="testCases.TestCase_1">
        <test-method is-config="true" signature="setup(java.lang.String)[pri:0, instance:testCases.TestCase_1@4659191b]" started-at="2023-07-02T14:25:08 IST" name="setup" finished-at="2023-07-02T14:26:18 IST" duration-ms="69997" status="PASS">
          <params>
            <param index="0">
              <value>
                <![CDATA[chrome]]>
              </value>
            </param>
          </params>
          <reporter-output>
          </reporter-output>
        </test-method> <!-- setup -->
        <test-method signature="login()[pri:0, instance:testCases.TestCase_1@4659191b]" started-at="2023-07-02T14:26:18 IST" name="login" finished-at="2023-07-02T14:26:33 IST" duration-ms="15137" status="PASS">
          <reporter-output>
          </reporter-output>
        </test-method> <!-- login -->
      </class> <!-- testCases.TestCase_1 -->
    </test> <!-- Test -->
  </suite> <!-- Suite -->
</testng-results>
